0 info it worked if it ends with ok
1 verbose cli [ '/usr/local/bin/node',
1 verbose cli   '/usr/local/bin/npm',
1 verbose cli   'install',
1 verbose cli   'bootstrap-sass@4.0.0-alpha.5' ]
2 info using npm@3.10.8
3 info using node@v7.0.0
4 silly loadCurrentTree Starting
5 silly install loadCurrentTree
6 silly install readLocalPackageData
7 silly fetchPackageMetaData bootstrap-sass@4.0.0-alpha.5
8 silly fetchNamedPackageData bootstrap-sass
9 silly mapToRegistry name bootstrap-sass
10 silly mapToRegistry using default registry
11 silly mapToRegistry registry https://registry.npmjs.org/
12 silly mapToRegistry data Result {
12 silly mapToRegistry   raw: 'bootstrap-sass',
12 silly mapToRegistry   scope: null,
12 silly mapToRegistry   escapedName: 'bootstrap-sass',
12 silly mapToRegistry   name: 'bootstrap-sass',
12 silly mapToRegistry   rawSpec: '',
12 silly mapToRegistry   spec: 'latest',
12 silly mapToRegistry   type: 'tag' }
13 silly mapToRegistry uri https://registry.npmjs.org/bootstrap-sass
14 verbose request uri https://registry.npmjs.org/bootstrap-sass
15 verbose request no auth needed
16 info attempt registry request try #1 at 12:47:35 PM
17 verbose request id 6a271f2d2e213c59
18 verbose etag "E3CW5F87MUI56CMLFBSS9CQC6"
19 http request GET https://registry.npmjs.org/bootstrap-sass
20 http 304 https://registry.npmjs.org/bootstrap-sass
21 verbose headers { date: 'Tue, 01 Nov 2016 14:47:35 GMT',
21 verbose headers   via: '1.1 varnish',
21 verbose headers   'cache-control': 'max-age=300',
21 verbose headers   etag: '"E3CW5F87MUI56CMLFBSS9CQC6"',
21 verbose headers   age: '0',
21 verbose headers   connection: 'keep-alive',
21 verbose headers   'x-served-by': 'cache-gru7120-GRU',
21 verbose headers   'x-cache': 'HIT',
21 verbose headers   'x-cache-hits': '1',
21 verbose headers   'x-timer': 'S1478011655.504835,VS0,VE151',
21 verbose headers   vary: 'Accept-Encoding' }
22 silly get cb [ 304,
22 silly get   { date: 'Tue, 01 Nov 2016 14:47:35 GMT',
22 silly get     via: '1.1 varnish',
22 silly get     'cache-control': 'max-age=300',
22 silly get     etag: '"E3CW5F87MUI56CMLFBSS9CQC6"',
22 silly get     age: '0',
22 silly get     connection: 'keep-alive',
22 silly get     'x-served-by': 'cache-gru7120-GRU',
22 silly get     'x-cache': 'HIT',
22 silly get     'x-cache-hits': '1',
22 silly get     'x-timer': 'S1478011655.504835,VS0,VE151',
22 silly get     vary: 'Accept-Encoding' } ]
23 verbose etag https://registry.npmjs.org/bootstrap-sass from cache
24 verbose get saving bootstrap-sass to /home/uriel/.npm/registry.npmjs.org/bootstrap-sass/.cache.json
25 verbose correctMkdir /home/uriel/.npm correctMkdir not in flight; initializing
26 silly fetchNamedPackageData No valid target from cache, forcing network
27 verbose request uri https://registry.npmjs.org/bootstrap-sass
28 verbose request no auth needed
29 info attempt registry request try #1 at 12:47:35 PM
30 http request GET https://registry.npmjs.org/bootstrap-sass
31 http 200 https://registry.npmjs.org/bootstrap-sass
32 verbose headers { server: 'CouchDB/1.5.0 (Erlang OTP/R16B03)',
32 verbose headers   etag: '"E3CW5F87MUI56CMLFBSS9CQC6"',
32 verbose headers   'content-type': 'application/json',
32 verbose headers   'content-encoding': 'gzip',
32 verbose headers   'cache-control': 'max-age=300',
32 verbose headers   'content-length': '8461',
32 verbose headers   'accept-ranges': 'bytes',
32 verbose headers   date: 'Tue, 01 Nov 2016 14:47:35 GMT',
32 verbose headers   via: '1.1 varnish',
32 verbose headers   age: '0',
32 verbose headers   connection: 'keep-alive',
32 verbose headers   'x-served-by': 'cache-gru7120-GRU',
32 verbose headers   'x-cache': 'HIT',
32 verbose headers   'x-cache-hits': '2',
32 verbose headers   'x-timer': 'S1478011655.706290,VS0,VE0',
32 verbose headers   vary: 'Accept-Encoding' }
33 silly get cb [ 200,
33 silly get   { server: 'CouchDB/1.5.0 (Erlang OTP/R16B03)',
33 silly get     etag: '"E3CW5F87MUI56CMLFBSS9CQC6"',
33 silly get     'content-type': 'application/json',
33 silly get     'content-encoding': 'gzip',
33 silly get     'cache-control': 'max-age=300',
33 silly get     'content-length': '8461',
33 silly get     'accept-ranges': 'bytes',
33 silly get     date: 'Tue, 01 Nov 2016 14:47:35 GMT',
33 silly get     via: '1.1 varnish',
33 silly get     age: '0',
33 silly get     connection: 'keep-alive',
33 silly get     'x-served-by': 'cache-gru7120-GRU',
33 silly get     'x-cache': 'HIT',
33 silly get     'x-cache-hits': '2',
33 silly get     'x-timer': 'S1478011655.706290,VS0,VE0',
33 silly get     vary: 'Accept-Encoding' } ]
34 verbose get saving bootstrap-sass to /home/uriel/.npm/registry.npmjs.org/bootstrap-sass/.cache.json
35 verbose correctMkdir /home/uriel/.npm correctMkdir not in flight; initializing
36 silly fetchPackageMetaData Error: No compatible version found: bootstrap-sass@4.0.0-alpha.5
36 silly fetchPackageMetaData Valid install targets:
36 silly fetchPackageMetaData 3.3.7, 3.3.6, 3.3.5, 3.3.4, 3.3.3, 3.3.2, 3.3.1, 3.3.0, 3.2.0, 3.1.1, 2.3.2
36 silly fetchPackageMetaData
36 silly fetchPackageMetaData     at pickVersionFromRegistryDocument (/usr/local/lib/node_modules/npm/lib/fetch-package-metadata.js:178:16)
36 silly fetchPackageMetaData     at /usr/local/lib/node_modules/npm/node_modules/iferr/index.js:13:50
36 silly fetchPackageMetaData     at /usr/local/lib/node_modules/npm/lib/utils/pulse-till-done.js:20:8
36 silly fetchPackageMetaData     at saved (/usr/local/lib/node_modules/npm/lib/cache/caching-client.js:174:7)
36 silly fetchPackageMetaData     at /usr/local/lib/node_modules/npm/node_modules/graceful-fs/polyfills.js:233:18
36 silly fetchPackageMetaData     at FSReqWrap.oncomplete (fs.js:111:15)
36 silly fetchPackageMetaData  error for bootstrap-sass@4.0.0-alpha.5 { Error: No compatible version found: bootstrap-sass@4.0.0-alpha.5
36 silly fetchPackageMetaData Valid install targets:
36 silly fetchPackageMetaData 3.3.7, 3.3.6, 3.3.5, 3.3.4, 3.3.3, 3.3.2, 3.3.1, 3.3.0, 3.2.0, 3.1.1, 2.3.2
36 silly fetchPackageMetaData
36 silly fetchPackageMetaData     at pickVersionFromRegistryDocument (/usr/local/lib/node_modules/npm/lib/fetch-package-metadata.js:178:16)
36 silly fetchPackageMetaData     at /usr/local/lib/node_modules/npm/node_modules/iferr/index.js:13:50
36 silly fetchPackageMetaData     at /usr/local/lib/node_modules/npm/lib/utils/pulse-till-done.js:20:8
36 silly fetchPackageMetaData     at saved (/usr/local/lib/node_modules/npm/lib/cache/caching-client.js:174:7)
36 silly fetchPackageMetaData     at /usr/local/lib/node_modules/npm/node_modules/graceful-fs/polyfills.js:233:18
36 silly fetchPackageMetaData     at FSReqWrap.oncomplete (fs.js:111:15) code: 'ETARGET' }
37 silly rollbackFailedOptional Starting
38 silly rollbackFailedOptional Finishing
39 silly runTopLevelLifecycles Finishing
40 silly install printInstalled
41 verbose stack Error: No compatible version found: bootstrap-sass@4.0.0-alpha.5
41 verbose stack Valid install targets:
41 verbose stack 3.3.7, 3.3.6, 3.3.5, 3.3.4, 3.3.3, 3.3.2, 3.3.1, 3.3.0, 3.2.0, 3.1.1, 2.3.2
41 verbose stack
41 verbose stack     at pickVersionFromRegistryDocument (/usr/local/lib/node_modules/npm/lib/fetch-package-metadata.js:178:16)
41 verbose stack     at /usr/local/lib/node_modules/npm/node_modules/iferr/index.js:13:50
41 verbose stack     at /usr/local/lib/node_modules/npm/lib/utils/pulse-till-done.js:20:8
41 verbose stack     at saved (/usr/local/lib/node_modules/npm/lib/cache/caching-client.js:174:7)
41 verbose stack     at /usr/local/lib/node_modules/npm/node_modules/graceful-fs/polyfills.js:233:18
41 verbose stack     at FSReqWrap.oncomplete (fs.js:111:15)
42 verbose cwd /var/www/Myproject/sap.local
43 error Linux 4.4.0-45-generic
44 error argv "/usr/local/bin/node" "/usr/local/bin/npm" "install" "bootstrap-sass@4.0.0-alpha.5"
45 error node v7.0.0
46 error npm  v3.10.8
47 error code ETARGET
48 error notarget No compatible version found: bootstrap-sass@4.0.0-alpha.5
48 error notarget Valid install targets:
48 error notarget 3.3.7, 3.3.6, 3.3.5, 3.3.4, 3.3.3, 3.3.2, 3.3.1, 3.3.0, 3.2.0, 3.1.1, 2.3.2
49 error notarget This is most likely not a problem with npm itself.
49 error notarget In most cases you or one of your dependencies are requesting
49 error notarget a package version that doesn't exist.
50 verbose exit [ 1, true ]
